<?xml version="1.0" encoding="UTF-8"?>
<testng-results ignored="0" total="2" passed="2" failed="0" skipped="0">
  <reporter-output>
  </reporter-output>
  <suite started-at="2022-03-31T11:41:41 IST" name="Default suite" finished-at="2022-03-31T11:42:39 IST" duration-ms="58230">
    <groups>
    </groups>
    <test started-at="2022-03-31T11:41:41 IST" name="Default test" finished-at="2022-03-31T11:42:39 IST" duration-ms="58230">
      <class name="orangehrm.ActitimeLogin">
        <test-method is-config="true" signature="BS()[pri:0, instance:orangehrm.ActitimeLogin@2cd2a21f]" started-at="2022-03-31T11:41:41 IST" name="BS" finished-at="2022-03-31T11:41:41 IST" duration-ms="13" status="PASS">
          <reporter-output>
          </reporter-output>
        </test-method> <!-- BS -->
        <test-method is-config="true" signature="BC()[pri:0, instance:orangehrm.ActitimeLogin@2cd2a21f]" started-at="2022-03-31T11:41:41 IST" name="BC" finished-at="2022-03-31T11:42:37 IST" duration-ms="56552" status="PASS">
          <reporter-output>
          </reporter-output>
        </test-method> <!-- BC -->
        <test-method is-config="true" signature="BM()[pri:0, instance:orangehrm.ActitimeLogin@2cd2a21f]" started-at="2022-03-31T11:42:37 IST" name="BM" finished-at="2022-03-31T11:42:38 IST" duration-ms="493" status="PASS">
          <reporter-output>
          </reporter-output>
        </test-method> <!-- BM -->
        <test-method signature="TC_1()[pri:1, instance:orangehrm.ActitimeLogin@2cd2a21f]" started-at="2022-03-31T11:42:38 IST" name="TC_1" finished-at="2022-03-31T11:42:38 IST" duration-ms="7" status="PASS">
          <reporter-output>
          </reporter-output>
        </test-method> <!-- TC_1 -->
        <test-method is-config="true" signature="AM()[pri:0, instance:orangehrm.ActitimeLogin@2cd2a21f]" started-at="2022-03-31T11:42:38 IST" name="AM" finished-at="2022-03-31T11:42:38 IST" duration-ms="39" status="PASS">
          <reporter-output>
          </reporter-output>
        </test-method> <!-- AM -->
        <test-method is-config="true" signature="BM()[pri:0, instance:orangehrm.ActitimeLogin@2cd2a21f]" started-at="2022-03-31T11:42:38 IST" name="BM" finished-at="2022-03-31T11:42:38 IST" duration-ms="223" status="PASS">
          <reporter-output>
          </reporter-output>
        </test-method> <!-- BM -->
        <test-method signature="TC_1()[pri:1, instance:orangehrm.ActitimeLogin@2cd2a21f]" started-at="2022-03-31T11:42:38 IST" name="TC_1" finished-at="2022-03-31T11:42:38 IST" duration-ms="1" status="PASS">
          <reporter-output>
          </reporter-output>
        </test-method> <!-- TC_1 -->
        <test-method is-config="true" signature="AM()[pri:0, instance:orangehrm.ActitimeLogin@2cd2a21f]" started-at="2022-03-31T11:42:38 IST" name="AM" finished-at="2022-03-31T11:42:38 IST" duration-ms="5" status="PASS">
          <reporter-output>
          </reporter-output>
        </test-method> <!-- AM -->
        <test-method is-config="true" signature="AC()[pri:0, instance:orangehrm.ActitimeLogin@2cd2a21f]" started-at="2022-03-31T11:42:38 IST" name="AC" finished-at="2022-03-31T11:42:39 IST" duration-ms="870" status="PASS">
          <reporter-output>
          </reporter-output>
        </test-method> <!-- AC -->
        <test-method is-config="true" signature="AS()[pri:0, instance:orangehrm.ActitimeLogin@2cd2a21f]" started-at="2022-03-31T11:42:39 IST" name="AS" finished-at="2022-03-31T11:42:39 IST" duration-ms="1" status="PASS">
          <reporter-output>
          </reporter-output>
        </test-method> <!-- AS -->
      </class> <!-- orangehrm.ActitimeLogin -->
    </test> <!-- Default test -->
  </suite> <!-- Default suite -->
</testng-results>
